<?xml version="1.0" encoding="UTF-8"?>
<!-- Generated by org.testng.reporters.JUnitReportReporter -->
<testsuite ignored="0" hostname="sunny-pc" failures="0" tests="1" name="org.testing.testscripts.Test_Case_4" time="0.167" errors="0" timestamp="25 Aug 2023 15:42:47 GMT" skipped="0">
  <testcase classname="org.testing.testscripts.Test_Case_4" name="testcase4" time="0.167"/>
</testsuite> <!-- org.testing.testscripts.Test_Case_4 -->
